   Compiling ting-expense-a v0.3.0 (/home/tigr/SeriousSoft/Rusty/ting-expense-a)
warning: constant `UNCLASSIFIED` is never used
  --> src/crosstyping.rs:10:11
   |
10 | pub const UNCLASSIFIED: &str = "unclassified";
   |           ^^^^^^^^^^^^
   |
   = note: `#[warn(dead_code)]` on by default

warning: methods `raw_add`, `add`, and `sub` are never used
  --> src/crosstyping.rs:59:12
   |
58 | impl CachedStats {
   | ---------------- methods in this implementation
59 |     pub fn raw_add(&mut self, category: &str, amount: i64, d: isize) {
   |            ^^^^^^^
...
75 |     pub fn add(&mut self, e: &Expense) {
   |            ^^^
...
78 |     pub fn sub(&mut self, e: &Expense) {
   |            ^^^

warning: trait `Upstream` is never used
   --> src/crosstyping.rs:112:11
    |
112 | pub trait Upstream {
    |           ^^^^^^^^

warning: `ting-expense-a` (bin "ting-expense-a") generated 3 warnings
    Finished `dev` profile [unoptimized + debuginfo] target(s) in 1.26s
