   Compiling syn v2.0.91
   Compiling toml_edit v0.22.22
   Compiling windows_x86_64_gnu v0.52.6
   Compiling cfg-if v1.0.0
   Compiling futures-io v0.3.31
   Compiling xml-rs v0.8.24
   Compiling wayland-sys v0.31.5
   Compiling wasm-bindgen v0.2.99
   Compiling concurrent-queue v2.5.0
   Compiling serde v1.0.219
   Compiling wayland-backend v0.3.7
error[E0463]: can't find crate for `core`
  |
  = note: the `x86_64-pc-windows-gnu` target may not be installed
  = help: consider downloading the target with `rustup target add x86_64-pc-windows-gnu`
  = help: consider building the standard library from source with `cargo build -Zbuild-std`

For more information about this error, try `rustc --explain E0463`.
error: could not compile `windows_x86_64_gnu` (lib) due to 1 previous error
warning: build failed, waiting for other jobs to finish...
error[E0463]: can't find crate for `core`
  |
  = note: the `wasm32-unknown-unknown` target may not be installed
  = help: consider downloading the target with `rustup target add wasm32-unknown-unknown`
  = help: consider building the standard library from source with `cargo build -Zbuild-std`

error: could not compile `cfg-if` (lib) due to 1 previous error
error: could not compile `cfg-if` (lib) due to 1 previous error
