   Compiling thiserror v2.0.12
  === Building graphics,selfhost ===
 thiserror-impl v2.0.12
   Compiling totp-rs v5.7.0
   Compiling tungstenite v0.26.2
   Compiling tokio-tungstenite v0.26.2
   Compiling ting-expense-a v0.3.0 (/home/tigr/SeriousSoft/Rusty/ting-expense-a)
warning: unused imports: `Cookie` and `header::HeaderValue`
 --> src/remotehost.rs:3:29
  |
3 | use reqwest::{cookie::{Jar, Cookie, CookieStore}, Client, header::HeaderValue, Response};
  |                             ^^^^^^                        ^^^^^^^^^^^^^^^^^^^
  |
  = note: `#[warn(unused_imports)]` on by default

warning: unused import: `WebSocketStream`
 --> src/remotehost.rs:4:40
  |
4 | use tokio_tungstenite::{connect_async, WebSocketStream};
  |                                        ^^^^^^^^^^^^^^^

warning: unused import: `axum::response::Redirect`
 --> src/server.rs:9:5
  |
9 | use axum::response::Redirect;
  |     ^^^^^^^^^^^^^^^^^^^^^^^^

warning: methods `life_transactions_info` and `life_pie` are never used
   --> src/db_slice.rs:133:12
    |
49  | impl<U: Upstream> DbView<U> {
    | --------------------------- methods in this implementation
...
133 |     pub fn life_transactions_info(&mut self) -> (u64, usize) {
    |            ^^^^^^^^^^^^^^^^^^^^^^
...
147 |     pub fn life_pie(&mut self) -> &[(String, u64)] {
    |            ^^^^^^^^
    |
    = note: `#[warn(dead_code)]` on by default

warning: `ting-expense-a` (bin "ting-expense-a") generated 4 warnings (run `cargo fix --bin "ting-expense-a"` to apply 3 suggestions)
    Finished `dev` profile [unoptimized + debuginfo] target(s) in 4.10s
   Compiling rand v0.9.0
   Compiling tungstenite v0.26.2
   Compiling totp-rs v5.7.0
   Compiling tokio-tungstenite v0.26.2
   Compiling ting-expense-a v0.3.0 (/home/tigr/SeriousSoft/Rusty/ting-expense-a)
warning: methods `life_transactions_info` and `life_pie` are never used
   --> src/db_slice.rs:133:12
    |
49  | impl<U: Upstream> DbView<U> {
    | --------------------------- methods in this implementation
...
133 |     pub fn life_transactions_info(&mut self) -> (u64, usize) {
    |            ^^^^^^^^^^^^^^^^^^^^^^
...
147 |     pub fn life_pie(&mut self) -> &[(String, u64)] {
    |            ^^^^^^^^
    |
    = note: `#[warn(dead_code)]` on by default

warning: associated items `new` and `set_indices` are never used
  --> src/crosstyping.rs:74:12
   |
57 | impl CachedStats {
   | ---------------- associated items in this implementation
...
74 |     pub fn new(records: (u64, usize), group_spendings: Vec<(String, u64)>) -> Self {
   |            ^^^
...
81 |     pub fn set_indices(&mut self) {
   |            ^^^^^^^^^^^

warning: `ting-expense-a` (bin "ting-expense-a") generated 2 warnings
    Finished `dev` profile [unoptimized + debuginfo] target(s) in 2.10s
